2019-03-17 00:32:05.554  INFO 15380 --- [main] com.dux.fastdfs.FastdfsApplication       : Starting FastdfsApplication on DESKTOP-IOHN2LS with PID 15380 (F:\IDEA\fastdfs\target\classes started by VULCAN in F:\IDEA\fastdfs)
2019-03-17 00:32:05.561  INFO 15380 --- [main] com.dux.fastdfs.FastdfsApplication       : No active profile set, falling back to default profiles: default
2019-03-17 00:32:07.175  INFO 15380 --- [main] o.s.b.w.embedded.tomcat.TomcatWebServer  : Tomcat initialized with port(s): 8081 (http)
2019-03-17 00:32:07.197  INFO 15380 --- [main] o.apache.catalina.core.StandardService   : Starting service [Tomcat]
2019-03-17 00:32:07.198  INFO 15380 --- [main] org.apache.catalina.core.StandardEngine  : Starting Servlet engine: [Apache Tomcat/9.0.16]
2019-03-17 00:32:07.207  INFO 15380 --- [main] o.a.catalina.core.AprLifecycleListener   : The APR based Apache Tomcat Native library which allows optimal performance in production environments was not found on the java.library.path: [C:\Program Files\Java\jdk1.8.0_131\bin;C:\WINDOWS\Sun\Java\bin;C:\WINDOWS\system32;C:\WINDOWS;D:\installation\xftp\;D:\installation\xshell\;C:\ProgramData\DockerDesktop\version-bin;C:\Program Files\Docker\Docker\Resources\bin;C:\ProgramData\Oracle\Java\javapath;C:\Program Files (x86)\Intel\iCLS Client\;C:\Program Files\Intel\iCLS Client\;C:\Windows\system32;C:\Windows;C:\Windows\System32\Wbem;C:\Windows\System32\WindowsPowerShell\v1.0\;C:\Program Files\Intel\WiFi\bin\;C:\Program Files\Common Files\Intel\WirelessCommon\;C:\Program Files (x86)\NVIDIA Corporation\PhysX\Common;C:\Program Files (x86)\Intel\Intel(R) Management Engine Components\DAL;C:\Program Files\Intel\Intel(R) Management Engine Components\DAL;C:\Program Files (x86)\Intel\Intel(R) Management Engine Components\IPT;C:\Program Files\Intel\Intel(R) Management Engine Components\IPT;";%JAVA_HOME%\bin;%JAVA_HOME%\jre\bin";F:\development\apache-maven-3.0.5\bin;C:\WINDOWS\system32;C:\WINDOWS;C:\WINDOWS\System32\Wbem;C:\WINDOWS\System32\WindowsPowerShell\v1.0\;F:\development\Redis\;F:\安装文件\svn\bin;D:\installation\Git\cmd;F:\development\nodejs\;"F:\development\nodejs\;F:\development\nodejs\node_modules;F:\development\nodejs\node_global;";C:\P;C:\Users\VULCAN\AppData\Local\Microsoft\WindowsApps;C:\Program Files\Intel\WiFi\bin\;C:\Program Files\Common Files\Intel\WirelessCommon\;C:\Users\VULCAN\AppData\Local\GitHubDesktop\bin;C:\Users\VULCAN\AppData\Roaming\npm;D:\installation\Microsoft VS Code\bin;.]
2019-03-17 00:32:07.314  INFO 15380 --- [main] o.a.c.c.C.[Tomcat].[localhost].[/]       : Initializing Spring embedded WebApplicationContext
2019-03-17 00:32:07.314  INFO 15380 --- [main] o.s.web.context.ContextLoader            : Root WebApplicationContext: initialization completed in 1673 ms
2019-03-17 00:32:07.639  INFO 15380 --- [main] o.s.s.concurrent.ThreadPoolTaskExecutor  : Initializing ExecutorService 'applicationTaskExecutor'
2019-03-17 00:32:07.765  WARN 15380 --- [main] org.thymeleaf.templatemode.TemplateMode  : [THYMELEAF][main] Template Mode 'LEGACYHTML5' is deprecated. Using Template Mode 'HTML' instead.
2019-03-17 00:32:07.971  INFO 15380 --- [main] o.s.b.w.embedded.tomcat.TomcatWebServer  : Tomcat started on port(s): 8081 (http) with context path ''
2019-03-17 00:32:07.975  INFO 15380 --- [main] com.dux.fastdfs.FastdfsApplication       : Started FastdfsApplication in 3.08 seconds (JVM running for 3.996)
2019-03-17 00:33:09.921  INFO 2956 --- [main] com.dux.fastdfs.FastdfsApplication       : Starting FastdfsApplication on DESKTOP-IOHN2LS with PID 2956 (F:\IDEA\fastdfs\target\classes started by VULCAN in F:\IDEA\fastdfs)
2019-03-17 00:33:09.926  INFO 2956 --- [main] com.dux.fastdfs.FastdfsApplication       : No active profile set, falling back to default profiles: default
2019-03-17 00:33:11.698  INFO 2956 --- [main] o.s.b.w.embedded.tomcat.TomcatWebServer  : Tomcat initialized with port(s): 8081 (http)
2019-03-17 00:33:11.735  INFO 2956 --- [main] o.apache.catalina.core.StandardService   : Starting service [Tomcat]
2019-03-17 00:33:11.736  INFO 2956 --- [main] org.apache.catalina.core.StandardEngine  : Starting Servlet engine: [Apache Tomcat/9.0.16]
2019-03-17 00:33:11.743  INFO 2956 --- [main] o.a.catalina.core.AprLifecycleListener   : The APR based Apache Tomcat Native library which allows optimal performance in production environments was not found on the java.library.path: [C:\Program Files\Java\jdk1.8.0_131\bin;C:\WINDOWS\Sun\Java\bin;C:\WINDOWS\system32;C:\WINDOWS;D:\installation\xftp\;D:\installation\xshell\;C:\ProgramData\DockerDesktop\version-bin;C:\Program Files\Docker\Docker\Resources\bin;C:\ProgramData\Oracle\Java\javapath;C:\Program Files (x86)\Intel\iCLS Client\;C:\Program Files\Intel\iCLS Client\;C:\Windows\system32;C:\Windows;C:\Windows\System32\Wbem;C:\Windows\System32\WindowsPowerShell\v1.0\;C:\Program Files\Intel\WiFi\bin\;C:\Program Files\Common Files\Intel\WirelessCommon\;C:\Program Files (x86)\NVIDIA Corporation\PhysX\Common;C:\Program Files (x86)\Intel\Intel(R) Management Engine Components\DAL;C:\Program Files\Intel\Intel(R) Management Engine Components\DAL;C:\Program Files (x86)\Intel\Intel(R) Management Engine Components\IPT;C:\Program Files\Intel\Intel(R) Management Engine Components\IPT;";%JAVA_HOME%\bin;%JAVA_HOME%\jre\bin";F:\development\apache-maven-3.0.5\bin;C:\WINDOWS\system32;C:\WINDOWS;C:\WINDOWS\System32\Wbem;C:\WINDOWS\System32\WindowsPowerShell\v1.0\;F:\development\Redis\;F:\安装文件\svn\bin;D:\installation\Git\cmd;F:\development\nodejs\;"F:\development\nodejs\;F:\development\nodejs\node_modules;F:\development\nodejs\node_global;";C:\P;C:\Users\VULCAN\AppData\Local\Microsoft\WindowsApps;C:\Program Files\Intel\WiFi\bin\;C:\Program Files\Common Files\Intel\WirelessCommon\;C:\Users\VULCAN\AppData\Local\GitHubDesktop\bin;C:\Users\VULCAN\AppData\Roaming\npm;D:\installation\Microsoft VS Code\bin;.]
2019-03-17 00:33:11.861  INFO 2956 --- [main] o.a.c.c.C.[Tomcat].[localhost].[/]       : Initializing Spring embedded WebApplicationContext
2019-03-17 00:33:11.861  INFO 2956 --- [main] o.s.web.context.ContextLoader            : Root WebApplicationContext: initialization completed in 1861 ms
2019-03-17 00:33:12.177  INFO 2956 --- [main] o.s.s.concurrent.ThreadPoolTaskExecutor  : Initializing ExecutorService 'applicationTaskExecutor'
2019-03-17 00:33:12.284  WARN 2956 --- [main] org.thymeleaf.templatemode.TemplateMode  : [THYMELEAF][main] Template Mode 'LEGACYHTML5' is deprecated. Using Template Mode 'HTML' instead.
2019-03-17 00:33:12.432  INFO 2956 --- [main] o.s.b.w.embedded.tomcat.TomcatWebServer  : Tomcat started on port(s): 8081 (http) with context path ''
2019-03-17 00:33:12.437  INFO 2956 --- [main] com.dux.fastdfs.FastdfsApplication       : Started FastdfsApplication in 3.153 seconds (JVM running for 4.278)
2019-03-17 00:36:05.948  INFO 2956 --- [http-nio-8081-exec-2] o.a.c.c.C.[Tomcat].[localhost].[/]       : Initializing Spring DispatcherServlet 'dispatcherServlet'
2019-03-17 00:36:05.949  INFO 2956 --- [http-nio-8081-exec-2] o.s.web.servlet.DispatcherServlet        : Initializing Servlet 'dispatcherServlet'
2019-03-17 00:36:05.981  INFO 2956 --- [http-nio-8081-exec-2] o.s.web.servlet.DispatcherServlet        : Completed initialization in 32 ms
